<?xml version="1.0" encoding="UTF-8" ?>
<testsuites>
  <testsuite errors="0" failures="1" hostname="CCHL-829706a" id="0" name="FileServiceTests" package="com.summitbid.videojuke" tests="1" time="0.093" timestamp="2013-02-26T00:27:20">
      <properties />

      <testcase classname="com.summitbid.videojuke.FileServiceTests" name="testSomething" time="0.091">
          <failure message="java.lang.AssertionError: Implement me" type="junit.framework.AssertionFailedError">junit.framework.AssertionFailedError: java.lang.AssertionError: Implement me
	at com.summitbid.videojuke.FileServiceTests.testSomething(FileServiceTests.groovy:21)
</failure>

      </testcase>

      <system-out><![CDATA[--Output from testSomething--
]]></system-out>

      <system-err><![CDATA[--Output from testSomething--
]]></system-err>

  </testsuite>
  <testsuite errors="0" failures="1" hostname="CCHL-829706a" id="1" name="MediaControllerTests" package="com.summitbid.videojuke" tests="1" time="2.058" timestamp="2013-02-26T00:27:11">
      <properties />

      <testcase classname="com.summitbid.videojuke.MediaControllerTests" name="testSomething" time="1.829">
          <failure message="junit.framework.AssertionFailedError: Implement me" type="junit.framework.AssertionFailedError">junit.framework.AssertionFailedError: junit.framework.AssertionFailedError: Implement me
	at com.summitbid.videojuke.MediaControllerTests.testSomething(MediaControllerTests.groovy:15)
</failure>

      </testcase>

      <system-out><![CDATA[--Output from testSomething--
]]></system-out>

      <system-err><![CDATA[--Output from testSomething--
]]></system-err>

  </testsuite>
  <testsuite errors="0" failures="1" hostname="CCHL-829706a" id="2" name="MediaTests" package="com.summitbid.videojuke" tests="1" time="0.39" timestamp="2013-02-26T00:27:13">
      <properties />

      <testcase classname="com.summitbid.videojuke.MediaTests" name="testSomething" time="0.384">
          <failure message="junit.framework.AssertionFailedError: Implement me" type="junit.framework.AssertionFailedError">junit.framework.AssertionFailedError: junit.framework.AssertionFailedError: Implement me
	at com.summitbid.videojuke.MediaTests.testSomething(MediaTests.groovy:15)
</failure>

      </testcase>

      <system-out><![CDATA[--Output from testSomething--
]]></system-out>

      <system-err><![CDATA[--Output from testSomething--
]]></system-err>

  </testsuite>
</testsuites>
